<?xml version="1.0" encoding="UTF-8"?>
<testng-results skipped="0" failed="0" total="1" passed="1">
  <reporter-output>
  </reporter-output>
  <suite name="Default suite" duration-ms="11363" started-at="2016-07-05T15:27:05Z" finished-at="2016-07-05T15:27:16Z">
    <groups>
    </groups>
    <test name="Default test" duration-ms="11363" started-at="2016-07-05T15:27:05Z" finished-at="2016-07-05T15:27:16Z">
      <class name="com.Java.MercuryTours.Main">
        <test-method status="PASS" signature="launchSite()[pri:0, instance:com.Java.MercuryTours.Main@39b43d60]" name="launchSite" is-config="true" duration-ms="1647" started-at="2016-07-05T16:27:05Z" finished-at="2016-07-05T16:27:07Z">
          <reporter-output>
          </reporter-output>
        </test-method> <!-- launchSite -->
        <test-method status="PASS" signature="checkLinks()[pri:0, instance:com.Java.MercuryTours.Main@39b43d60]" name="checkLinks" duration-ms="9142" started-at="2016-07-05T16:27:07Z" finished-at="2016-07-05T16:27:16Z">
          <reporter-output>
          </reporter-output>
        </test-method> <!-- checkLinks -->
        <test-method status="PASS" signature="closeDriver()[pri:0, instance:com.Java.MercuryTours.Main@39b43d60]" name="closeDriver" is-config="true" duration-ms="537" started-at="2016-07-05T16:27:16Z" finished-at="2016-07-05T16:27:16Z">
          <reporter-output>
          </reporter-output>
        </test-method> <!-- closeDriver -->
      </class> <!-- com.Java.MercuryTours.Main -->
    </test> <!-- Default test -->
  </suite> <!-- Default suite -->
</testng-results>
