<?xml version="1.0" encoding="UTF-8"?>
<testng-results skipped="0" failed="0" total="1" passed="1">
  <reporter-output>
  </reporter-output>
  <suite name="Default suite" duration-ms="3649" started-at="2016-07-05T12:07:05Z" finished-at="2016-07-05T12:07:08Z">
    <groups>
    </groups>
    <test name="Default test" duration-ms="3649" started-at="2016-07-05T12:07:05Z" finished-at="2016-07-05T12:07:08Z">
      <class name="com.Java.MercuryTours.Main">
        <test-method status="PASS" signature="launchSite()[pri:0, instance:com.Java.MercuryTours.Main@39b43d60]" name="launchSite" is-config="true" duration-ms="1586" started-at="2016-07-05T13:07:05Z" finished-at="2016-07-05T13:07:06Z">
          <reporter-output>
          </reporter-output>
        </test-method> <!-- launchSite -->
        <test-method status="PASS" signature="navigateToRegister()[pri:0, instance:com.Java.MercuryTours.Main@39b43d60]" name="navigateToRegister" duration-ms="846" started-at="2016-07-05T13:07:06Z" finished-at="2016-07-05T13:07:07Z">
          <reporter-output>
          </reporter-output>
        </test-method> <!-- navigateToRegister -->
        <test-method status="PASS" signature="closeDriver()[pri:0, instance:com.Java.MercuryTours.Main@39b43d60]" name="closeDriver" is-config="true" duration-ms="1198" started-at="2016-07-05T13:07:07Z" finished-at="2016-07-05T13:07:08Z">
          <reporter-output>
          </reporter-output>
        </test-method> <!-- closeDriver -->
      </class> <!-- com.Java.MercuryTours.Main -->
    </test> <!-- Default test -->
  </suite> <!-- Default suite -->
</testng-results>
